<?xml version="1.0" encoding="UTF-8"?>
<!-- Generated by org.testng.reporters.JUnitXMLReporter -->
<testsuite hostname="DESKTOP-93TCT2J" ignored="0" tests="4" failures="0" timestamp="2021-12-09T00:34:11 IST" time="3.832" errors="0">
  <testcase name="test01_VerifyCreateUserApi" time="1.364" classname="GrafanaApiTests"/>
  <testcase name="test02_VerifyFindUserByIdApi" time="0.856" classname="GrafanaApiTests"/>
  <testcase name="test03_VerifyDeleteUserById" time="0.062" classname="GrafanaApiTests"/>
  <testcase name="test03_VerifyUpdateUserInfoById" time="0.212" classname="GrafanaApiTests"/>
</testsuite>
