<?xml version="1.0" encoding="UTF-8"?>
<!-- Generated by org.testng.reporters.JUnitXMLReporter -->
<testsuite hostname="DESKTOP-93TCT2J" ignored="0" tests="4" failures="0" timestamp="2021-12-09T01:01:21 IST" time="14.103" errors="0">
  <testcase name="VerifyChangeOfColor" time="1.121" classname="ToDoListElectronTest"/>
  <testcase name="test02_createNewTask" time="1.004" classname="ToDoListElectronTest"/>
  <testcase name="test02_delAllTask" time="3.627" classname="ToDoListElectronTest"/>
  <testcase name="test02_delTaskByName" time="3.483" classname="ToDoListElectronTest"/>
</testsuite>
