<?xml version="1.0" encoding="UTF-8"?>
<testng-results skipped="0" failed="0" ignored="0" total="3" passed="3">
  <reporter-output>
  </reporter-output>
  <suite name="AppiumSuite" duration-ms="35094" started-at="2021-12-09T13:17:54 IST" finished-at="2021-12-09T13:18:29 IST">
    <groups>
    </groups>
    <test name="TestMortgage" duration-ms="35094" started-at="2021-12-09T13:17:54 IST" finished-at="2021-12-09T13:18:29 IST">
      <class name="MortgageCalcAppiumTests">
        <test-method status="PASS" signature="startSession(java.lang.String,java.lang.String)[pri:0, instance:MortgageCalcAppiumTests@5b800468]" name="startSession" is-config="true" duration-ms="8919" started-at="2021-12-09T13:17:54 IST" description="Init driver " finished-at="2021-12-09T13:18:03 IST">
          <params>
            <param index="0">
              <value>
                <![CDATA[Appium]]>
              </value>
            </param>
            <param index="1">
              <value is-null="true"/>
            </param>
          </params>
          <reporter-output>
          </reporter-output>
        </test-method> <!-- startSession -->
        <test-method status="PASS" signature="test01()[pri:0, instance:MortgageCalcAppiumTests@5b800468]" name="test01" duration-ms="5224" started-at="2021-12-09T13:18:03 IST" description="Verify repayment result" finished-at="2021-12-09T13:18:08 IST">
          <reporter-output>
          </reporter-output>
        </test-method> <!-- test01 -->
        <test-method status="PASS" signature="test02()[pri:0, instance:MortgageCalcAppiumTests@5b800468]" name="test02" duration-ms="9788" started-at="2021-12-09T13:18:08 IST" description="Verify interest result" finished-at="2021-12-09T13:18:18 IST">
          <reporter-output>
          </reporter-output>
        </test-method> <!-- test02 -->
        <test-method status="PASS" signature="test03()[pri:0, instance:MortgageCalcAppiumTests@5b800468]" name="test03" duration-ms="7853" started-at="2021-12-09T13:18:18 IST" description="Verify result saving" finished-at="2021-12-09T13:18:26 IST">
          <reporter-output>
          </reporter-output>
        </test-method> <!-- test03 -->
        <test-method status="PASS" signature="closeSession(java.lang.String)[pri:0, instance:MortgageCalcAppiumTests@5b800468]" name="closeSession" is-config="true" duration-ms="2934" started-at="2021-12-09T13:18:26 IST" finished-at="2021-12-09T13:18:29 IST">
          <params>
            <param index="0">
              <value>
                <![CDATA[Appium]]>
              </value>
            </param>
          </params>
          <reporter-output>
          </reporter-output>
        </test-method> <!-- closeSession -->
      </class> <!-- MortgageCalcAppiumTests -->
    </test> <!-- TestMortgage -->
  </suite> <!-- AppiumSuite -->
</testng-results>
